make all --print-data-base --no-builtin-variables --no-builtin-rules --question
# GNU Make 4.3
# Built for x86_64-pc-linux-gnu
# Copyright (C) 1988-2020 Free Software Foundation, Inc.
# License GPLv3+: GNU GPL version 3 or later <http://gnu.org/licenses/gpl.html>
# This is free software: you are free to change and redistribute it.
# There is NO WARRANTY, to the extent permitted by law.

# Make data base, printed on Sat Jul 17 01:46:39 2021

# Variables

# environment
LC_ALL = C
# environment
VSCODE_INJECT_NODE_MODULE_LOOKUP_PATH = /root/.vscode-server/bin/2d23c42a936db1c7b3b06f918cde29561cc47cd6/remote/node_modules
# environment
VSCODE_CWD = /root
# default
MAKE_COMMAND := make
# automatic
@D = $(patsubst %/,%,$(dir $@))
# environment
VSCODE_HANDLES_UNCAUGHT_ERRORS = true
# default
.VARIABLES := 
# environment
PWD = /root/workspace/sometestsnippet/base
# automatic
%D = $(patsubst %/,%,$(dir $%))
# environment
LSCOLORS = Gxfxcxdxbxegedabagacad
# environment
OLDPWD = /root
# automatic
^D = $(patsubst %/,%,$(dir $^))
# environment
VSCODE_LOG_STACK = false
# automatic
%F = $(notdir $%)
# environment
LANG = C
# default
.LOADED := 
# default
.INCLUDE_DIRS = /usr/local/include /usr/include /usr/include
# makefile
MAKEFLAGS = pqrR
# makefile
CURDIR := /root/workspace/sometestsnippet/base
# environment
VSCODE_PIPE_LOGGING = true
# environment
APPLICATION_INSIGHTS_NO_DIAGNOSTIC_CHANNEL = true
# automatic
*D = $(patsubst %/,%,$(dir $*))
# environment
MFLAGS = -pqrR
# default
.SHELLFLAGS := -c
# automatic
+D = $(patsubst %/,%,$(dir $+))
# makefile (from 'Makefile', line 1)
MAKEFILE_LIST := Makefile
# automatic
@F = $(notdir $@)
# environment
ZSH = /root/.oh-my-zsh
# environment
VSCODE_VERBOSE_LOGGING = true
# environment
XDG_SESSION_TYPE = tty
# automatic
?D = $(patsubst %/,%,$(dir $?))
# automatic
*F = $(notdir $*)
# automatic
<D = $(patsubst %/,%,$(dir $<))
# environment
VSCODE_NLS_CONFIG = {"locale":"zh-cn","availableLanguages":{"*":"zh-cn"},"_languagePackId":"fa871dcc52f689d5c3b8a42d026c7d06.zh-cn","_translationsConfigFile":"/root/.vscode-server/data/clp/fa871dcc52f689d5c3b8a42d026c7d06.zh-cn/tcf.json","_cacheRoot":"/root/.vscode-server/data/clp/fa871dcc52f689d5c3b8a42d026c7d06.zh-cn","_resolvedLanguagePackCoreLocation":"/root/.vscode-server/data/clp/fa871dcc52f689d5c3b8a42d026c7d06.zh-cn/2d23c42a936db1c7b3b06f918cde29561cc47cd6","_corruptedFile":"/root/.vscode-server/data/clp/fa871dcc52f689d5c3b8a42d026c7d06.zh-cn/corrupted.info","_languagePackSupport":true}
# default
MAKE_HOST := x86_64-pc-linux-gnu
# makefile
SHELL = /bin/sh
# default
MAKECMDGOALS := all
# makefile (from 'Makefile', line 4)
HEADERS = $(wildcard *.h)
# environment
SHLVL = 1
# environment
MAKELEVEL := 0
# default
MAKE = $(MAKE_COMMAND)
# environment
PATH = /root/.vscode-server/bin/2d23c42a936db1c7b3b06f918cde29561cc47cd6/bin:/root/.vscode-server/bin/2d23c42a936db1c7b3b06f918cde29561cc47cd6/bin:/usr/local/sbin:/usr/local/bin:/usr/sbin:/usr/bin:/sbin:/bin:/usr/games:/usr/local/games:/snap/bin
# default
MAKEFILES := 
# environment
MOTD_SHOWN = pam
# automatic
^F = $(notdir $^)
# environment
SSH_CLIENT = 222.128.176.193 40484 22
# environment
VSCODE_LOG_NATIVE = false
# automatic
?F = $(notdir $?)
# environment
LS_COLORS = 
# automatic
+F = $(notdir $+)
# environment
LESS = -R
# 'override' directive
GNUMAKEFLAGS := 
# environment
BROWSER = /root/.vscode-server/bin/2d23c42a936db1c7b3b06f918cde29561cc47cd6/bin/helpers/browser.sh
# environment
LOGNAME = root
# makefile
.DEFAULT_GOAL := all
# environment
USER = root
# default
MAKE_VERSION := 4.3
# makefile (from 'Makefile', line 5)
TESTS = atomic_unittest thread_test
# environment
VSCODE_EXTHOST_WILL_SEND_SOCKET = true
# environment
PAGER = less
# environment
VSCODE_AGENT_FOLDER = /root/.vscode-server
# environment
_ = /root/.vscode-server/bin/2d23c42a936db1c7b3b06f918cde29561cc47cd6/node
# environment
XDG_RUNTIME_DIR = /run/user/0
# environment
VSCODE_IPC_HOOK_CLI = /run/user/0/vscode-ipc-334aba07-16c6-4349-9097-bc488e1b41a5.sock
# environment
XDG_SESSION_CLASS = user
# environment
VSCODE_AMD_ENTRYPOINT = vs/server/remoteExtensionHostProcess
# environment
HOME = /root
# environment
XDG_SESSION_ID = 428
# default
.RECIPEPREFIX := 
# automatic
<F = $(notdir $<)
# default
SUFFIXES := 
# makefile (from 'Makefile', line 2)
CXXFLAGS = -g -Wall -I /usr/local/include -O2
# default
.FEATURES := target-specific order-only second-expansion else-if shortest-stem undefine oneshell nocomment grouped-target extra-prereqs archives jobserver output-sync check-symlink load
# environment
SSH_CONNECTION = 222.128.176.193 40484 45.76.212.98 22
# variable set hash-table stats:
# Load=74/1024=7%, Rehash=0, Collisions=3/110=3%

# Pattern-specific Variable Values

# No pattern-specific variable values.

# Directories

# . (device 64513, inode 6247707): 10 files, no impossibilities.

# 10 files, no impossibilities in 1 directories.

# Implicit Rules

# No implicit rules.

# Files

# Not a target:
Atomic.h:
#  Implicit rule search has been done.
#  Last modified 2021-07-15 16:26:14.53575291
#  File has been updated.
#  Successfully updated.

# Not a target:
Thread.h:
#  Implicit rule search has been done.
#  Last modified 2021-07-15 16:36:56.208437121
#  File has been updated.
#  Successfully updated.

# Not a target:
Makefile:
#  Implicit rule search has been done.
#  Last modified 2021-07-16 17:21:38.074767388
#  File has been updated.
#  Successfully updated.

clean:
#  Implicit rule search has not been done.
#  Modification time never checked.
#  File has not been updated.
#  recipe to execute (from 'Makefile', line 20):
	rm -f $(TESTS)

# Not a target:
test/Thread_test.cpp:
#  Implicit rule search has been done.
#  Last modified 2021-07-16 17:36:47.008517544
#  File has been updated.
#  Successfully updated.

# Not a target:
.DEFAULT:
#  Implicit rule search has not been done.
#  Modification time never checked.
#  File has not been updated.

all: atomic_unittest thread_test
#  Command line target.
#  Implicit rule search has been done.
#  File does not exist.
#  File has been updated.
#  Successfully updated.

atomic_unittest: Atomic.h Thread.h test/Atomic_unittest.cpp
#  Implicit rule search has not been done.
#  Last modified 2021-07-16 17:22:14.117396493
#  File has been updated.
#  Successfully updated.
#  recipe to execute (from 'Makefile', line 13):
	$(CXX) $(CXXFLAGS) -o $@ $(filter %.cpp,$^) $(LDFLAGS) -lpthread

# Not a target:
test/Atomic_unittest.cpp:
#  Implicit rule search has been done.
#  Last modified 2021-07-15 17:55:43.584872172
#  File has been updated.
#  Successfully updated.

# Not a target:
Thread.cpp:
#  Implicit rule search has been done.
#  Last modified 2021-07-16 17:27:59.494561458
#  File has been updated.
#  Successfully updated.

thread_test: Atomic.h Thread.h test/Thread_test.cpp Thread.cpp
#  Implicit rule search has not been done.
#  Last modified 2021-07-16 17:39:09.802790115
#  File has been updated.
#  Successfully updated.
#  recipe to execute (from 'Makefile', line 13):
	$(CXX) $(CXXFLAGS) -o $@ $(filter %.cpp,$^) $(LDFLAGS) -lpthread

# files hash-table stats:
# Load=12/1024=1%, Rehash=0, Collisions=0/36=0%
# VPATH Search Paths

# No 'vpath' search paths.

# No general ('VPATH' variable) search path.

# strcache buffers: 1 (0) / strings = 18 / storage = 191 B / avg = 10 B
# current buf: size = 8162 B / used = 191 B / count = 18 / avg = 10 B

# strcache performance: lookups = 42 / hit rate = 57%
# hash-table stats:
# Load=18/8192=0%, Rehash=0, Collisions=0/42=0%
# Finished Make data base on Sat Jul 17 01:46:39 2021

 
